Performing C SOURCE FILE Test CMAKE_HAVE_LIBC_PTHREAD failed with the following output:
Change Dir: /home/nay/nok_ws/build/CMakeFiles/CMakeTmp

Run Build Command(s):/usr/bin/make cmTC_60963/fast && /usr/bin/make  -f CMakeFiles/cmTC_60963.dir/build.make CMakeFiles/cmTC_60963.dir/build
make[1]: Entering directory '/home/nay/nok_ws/build/CMakeFiles/CMakeTmp'
Building C object CMakeFiles/cmTC_60963.dir/src.c.o
/usr/bin/cc -DCMAKE_HAVE_LIBC_PTHREAD   -o CMakeFiles/cmTC_60963.dir/src.c.o -c /home/nay/nok_ws/build/CMakeFiles/CMakeTmp/src.c
Linking C executable cmTC_60963
/home/nay/cmake-install/bin/cmake -E cmake_link_script CMakeFiles/cmTC_60963.dir/link.txt --verbose=1
/usr/bin/cc -rdynamic CMakeFiles/cmTC_60963.dir/src.c.o -o cmTC_60963 
CMakeFiles/cmTC_60963.dir/src.c.o: In function `main':
src.c:(.text+0x3c): undefined reference to `pthread_create'
src.c:(.text+0x48): undefined reference to `pthread_detach'
src.c:(.text+0x54): undefined reference to `pthread_cancel'
src.c:(.text+0x65): undefined reference to `pthread_join'
src.c:(.text+0x79): undefined reference to `pthread_atfork'
collect2: error: ld returned 1 exit status
CMakeFiles/cmTC_60963.dir/build.make:105: recipe for target 'cmTC_60963' failed
make[1]: *** [cmTC_60963] Error 1
make[1]: Leaving directory '/home/nay/nok_ws/build/CMakeFiles/CMakeTmp'
Makefile:140: recipe for target 'cmTC_60963/fast' failed
make: *** [cmTC_60963/fast] Error 2


Source file was:
#include <pthread.h>

static void* test_func(void* data)
{
  return data;
}

int main(void)
{
  pthread_t thread;
  pthread_create(&thread, NULL, test_func, NULL);
  pthread_detach(thread);
  pthread_cancel(thread);
  pthread_join(thread, NULL);
  pthread_atfork(NULL, NULL, NULL);
  pthread_exit(NULL);

  return 0;
}

Determining if the function pthread_create exists in the pthreads failed with the following output:
Change Dir: /home/nay/nok_ws/build/CMakeFiles/CMakeTmp

Run Build Command(s):/usr/bin/make cmTC_1c4a1/fast && /usr/bin/make  -f CMakeFiles/cmTC_1c4a1.dir/build.make CMakeFiles/cmTC_1c4a1.dir/build
make[1]: Entering directory '/home/nay/nok_ws/build/CMakeFiles/CMakeTmp'
Building C object CMakeFiles/cmTC_1c4a1.dir/CheckFunctionExists.c.o
/usr/bin/cc   -DCHECK_FUNCTION_EXISTS=pthread_create -o CMakeFiles/cmTC_1c4a1.dir/CheckFunctionExists.c.o -c /home/nay/cmake-install/share/cmake-3.19/Modules/CheckFunctionExists.c
Linking C executable cmTC_1c4a1
/home/nay/cmake-install/bin/cmake -E cmake_link_script CMakeFiles/cmTC_1c4a1.dir/link.txt --verbose=1
/usr/bin/cc  -DCHECK_FUNCTION_EXISTS=pthread_create -rdynamic CMakeFiles/cmTC_1c4a1.dir/CheckFunctionExists.c.o -o cmTC_1c4a1  -lpthreads 
/usr/bin/ld: cannot find -lpthreads
collect2: error: ld returned 1 exit status
CMakeFiles/cmTC_1c4a1.dir/build.make:105: recipe for target 'cmTC_1c4a1' failed
make[1]: *** [cmTC_1c4a1] Error 1
make[1]: Leaving directory '/home/nay/nok_ws/build/CMakeFiles/CMakeTmp'
Makefile:140: recipe for target 'cmTC_1c4a1/fast' failed
make: *** [cmTC_1c4a1/fast] Error 2



